C:\Users\wagde\Desktop\Ctaxi-v1\Ctaxi-v1\app\app.component.js
C:\Users\wagde\Desktop\Ctaxi-v1\Ctaxi-v1\app\app.component.js.map
C:\Users\wagde\Desktop\Ctaxi-v1\Ctaxi-v1\app\services\Dataservice\data.service.js
C:\Users\wagde\Desktop\Ctaxi-v1\Ctaxi-v1\app\services\Dataservice\data.service.js.map
C:\Users\wagde\Desktop\Ctaxi-v1\Ctaxi-v1\app\services\Homeservice\home.service.js
C:\Users\wagde\Desktop\Ctaxi-v1\Ctaxi-v1\app\services\Homeservice\home.service.js.map
C:\Users\wagde\Desktop\Ctaxi-v1\Ctaxi-v1\app\components\HomePage\homepage.component.js
C:\Users\wagde\Desktop\Ctaxi-v1\Ctaxi-v1\app\components\HomePage\homepage.component.js.map
C:\Users\wagde\Desktop\Ctaxi-v1\Ctaxi-v1\app\components\AddDriver\adddriver.component.js
C:\Users\wagde\Desktop\Ctaxi-v1\Ctaxi-v1\app\components\AddDriver\adddriver.component.js.map
C:\Users\wagde\Desktop\Ctaxi-v1\Ctaxi-v1\app\components\Login\login.component.js
C:\Users\wagde\Desktop\Ctaxi-v1\Ctaxi-v1\app\components\Login\login.component.js.map
C:\Users\wagde\Desktop\Ctaxi-v1\Ctaxi-v1\app\components\NavBar\navbar.component.js
C:\Users\wagde\Desktop\Ctaxi-v1\Ctaxi-v1\app\components\NavBar\navbar.component.js.map
C:\Users\wagde\Desktop\Ctaxi-v1\Ctaxi-v1\app\components\EditDriver\editdriver.component.js
C:\Users\wagde\Desktop\Ctaxi-v1\Ctaxi-v1\app\components\EditDriver\editdriver.component.js.map
C:\Users\wagde\Desktop\Ctaxi-v1\Ctaxi-v1\app\app.module.js
C:\Users\wagde\Desktop\Ctaxi-v1\Ctaxi-v1\app\app.module.js.map
C:\Users\wagde\Desktop\Ctaxi-v1\Ctaxi-v1\app\main.js
C:\Users\wagde\Desktop\Ctaxi-v1\Ctaxi-v1\app\main.js.map
